This file contains any messages produced by compilers while
running configure, to aid debugging if configure makes a mistake.

It was created by bash configure 4.4-release, which was
generated by GNU Autoconf 2.69.  Invocation command line was

  $ ./configure 

## --------- ##
## Platform. ##
## --------- ##

hostname = Ians-MacBook-Air-2.local
uname -m = x86_64
uname -r = 16.7.0
uname -s = Darwin
uname -v = Darwin Kernel Version 16.7.0: Thu Jan 11 22:59:40 PST 2018; root:xnu-3789.73.8~1/RELEASE_X86_64

/usr/bin/uname -p = i386
/bin/uname -X     = unknown

/bin/arch              = unknown
/usr/bin/arch -k       = unknown
/usr/convex/getsysinfo = unknown
/usr/bin/hostinfo      = Mach kernel version:
	 Darwin Kernel Version 16.7.0: Thu Jan 11 22:59:40 PST 2018; root:xnu-3789.73.8~1/RELEASE_X86_64
Kernel configured for up to 4 processors.
2 processors are physically available.
4 processors are logically available.
Processor type: x86_64h (Intel x86-64h Haswell)
Processors active: 0 1 2 3
Primary memory available: 8.00 gigabytes
Default processor set: 433 tasks, 1927 threads, 4 processors
Load average: 1.80, Mach factor: 2.19
/bin/machine           = unknown
/usr/bin/oslevel       = unknown
/bin/universe          = unknown

PATH: /usr/local/bin
PATH: /usr/bin
PATH: /bin
PATH: /usr/sbin
PATH: /sbin
PATH: /opt/X11/bin
PATH: /Applications/Wireshark.app/Contents/MacOS
PATH: /usr/local/bin
PATH: /space/git/shutit
PATH: /space/git/work/bin
PATH: /space/git/home/bin
PATH: ~/.dotfiles/bin
PATH: /space/go/bin


## ----------- ##
## Core tests. ##
## ----------- ##

configure:2741: error: cannot find install-sh, install.sh, or shtool in ./support "."/./support

## ---------------- ##
## Cache variables. ##
## ---------------- ##

ac_cv_env_CC_FOR_BUILD_set=
ac_cv_env_CC_FOR_BUILD_value=
ac_cv_env_CC_set=
ac_cv_env_CC_value=
ac_cv_env_CFLAGS_FOR_BUILD_set=
ac_cv_env_CFLAGS_FOR_BUILD_value=
ac_cv_env_CFLAGS_set=
ac_cv_env_CFLAGS_value=
ac_cv_env_CPPFLAGS_FOR_BUILD_set=
ac_cv_env_CPPFLAGS_FOR_BUILD_value=
ac_cv_env_CPPFLAGS_set=
ac_cv_env_CPPFLAGS_value=
ac_cv_env_CPP_set=
ac_cv_env_CPP_value=
ac_cv_env_DEBUGGER_START_FILE_set=
ac_cv_env_DEBUGGER_START_FILE_value=
ac_cv_env_LDFLAGS_FOR_BUILD_set=
ac_cv_env_LDFLAGS_FOR_BUILD_value=
ac_cv_env_LDFLAGS_set=
ac_cv_env_LDFLAGS_value=
ac_cv_env_LIBS_set=
ac_cv_env_LIBS_value=
ac_cv_env_YACC_set=
ac_cv_env_YACC_value=
ac_cv_env_YFLAGS_set=
ac_cv_env_YFLAGS_value=
ac_cv_env_build_alias_set=
ac_cv_env_build_alias_value=
ac_cv_env_host_alias_set=
ac_cv_env_host_alias_value=
ac_cv_env_target_alias_set=
ac_cv_env_target_alias_value=

## ----------------- ##
## Output variables. ##
## ----------------- ##

ALLOCA=''
AR=''
ARFLAGS=''
BASHVERS=''
BUILD_DIR=''
BUILD_INCLUDED_LIBINTL=''
CATOBJEXT=''
CC=''
CC_FOR_BUILD=''
CFLAGS=''
CFLAGS_FOR_BUILD=''
CPP=''
CPPFLAGS=''
CPPFLAGS_FOR_BUILD=''
CROSS_COMPILE=''
DATADIRNAME=''
DEBUG=''
DEBUGGER_START_FILE=''
DEFS=''
ECHO_C='\c'
ECHO_N=''
ECHO_T=''
EGREP=''
EXEEXT=''
GENCAT=''
GLIBC21=''
GMSGFMT=''
GREP=''
HELPDIR=''
HELPDIRDEFINE=''
HELPFILES_TARGET=''
HELPINSTALL=''
HELPSTRINGS=''
HISTORY_DEP=''
HISTORY_LIB=''
HIST_LIBDIR=''
INSTALL_DATA=''
INSTALL_PROGRAM=''
INSTALL_SCRIPT=''
INSTOBJEXT=''
INTLBISON=''
INTLLIBS=''
INTLOBJS=''
INTL_DEP=''
INTL_INC=''
INTL_LIBTOOL_SUFFIX_PREFIX=''
JOBS_O=''
LDFLAGS=''
LDFLAGS_FOR_BUILD=''
LIBICONV=''
LIBINTL=''
LIBINTL_H=''
LIBOBJS=''
LIBS=''
LIBS_FOR_BUILD=''
LOCAL_CFLAGS=''
LOCAL_DEFS=''
LOCAL_LDFLAGS=''
LOCAL_LIBS=''
LTLIBICONV=''
LTLIBINTL=''
LTLIBOBJS=''
MAKE_SHELL=''
MALLOC_DEBUG=''
MALLOC_DEP=''
MALLOC_LDFLAGS=''
MALLOC_LIB=''
MALLOC_LIBRARY=''
MALLOC_SRC=''
MALLOC_TARGET=''
MKINSTALLDIRS=''
MSGFMT=''
MSGMERGE=''
OBJEXT=''
PACKAGE_BUGREPORT='bug-bash@gnu.org'
PACKAGE_NAME='bash'
PACKAGE_STRING='bash 4.4-release'
PACKAGE_TARNAME='bash'
PACKAGE_URL=''
PACKAGE_VERSION='4.4-release'
PATH_SEPARATOR=':'
POSUB=''
PROFILE_FLAGS=''
PTHREAD_H_DEFINES_STRUCT_TIMESPEC=''
RANLIB=''
READLINE_DEP=''
READLINE_LIB=''
RELSTATUS=''
RL_INCLUDE=''
RL_INCLUDEDIR=''
RL_LIBDIR=''
RL_MAJOR=''
RL_MINOR=''
RL_VERSION=''
SET_MAKE=''
SHELL='/bin/sh'
SHOBJ_CC=''
SHOBJ_CFLAGS=''
SHOBJ_LD=''
SHOBJ_LDFLAGS=''
SHOBJ_LIBS=''
SHOBJ_STATUS=''
SHOBJ_XLDFLAGS=''
SIGLIST_O=''
SIGNAMES_H=''
SIGNAMES_O=''
SIZE=''
STATIC_LD=''
SYS_TIME_H_DEFINES_STRUCT_TIMESPEC=''
TERMCAP_DEP=''
TERMCAP_LIB=''
TESTSCRIPT=''
TILDE_LIB=''
TIME_H_DEFINES_STRUCT_TIMESPEC=''
USE_INCLUDED_LIBINTL=''
USE_NLS=''
XGETTEXT=''
YACC=''
YFLAGS=''
ac_ct_CC=''
bindir='${exec_prefix}/bin'
build=''
build_alias=''
build_cpu=''
build_os=''
build_vendor=''
datadir='${datarootdir}'
datarootdir='${prefix}/share'
docdir='${datarootdir}/doc/${PACKAGE_TARNAME}'
dvidir='${docdir}'
exec_prefix='NONE'
headersdir=''
host=''
host_alias=''
host_cpu=''
host_os=''
host_vendor=''
htmldir='${docdir}'
incdir=''
includedir='${prefix}/include'
infodir='${datarootdir}/info'
libdir='${exec_prefix}/lib'
libexecdir='${exec_prefix}/libexec'
loadablesdir=''
localedir='${datarootdir}/locale'
localstatedir='${prefix}/var'
mandir='${datarootdir}/man'
oldincludedir='/usr/include'
pdfdir='${docdir}'
prefix='NONE'
program_transform_name='s,x,x,'
psdir='${docdir}'
sbindir='${exec_prefix}/sbin'
sharedstatedir='${prefix}/com'
sysconfdir='${prefix}/etc'
target_alias=''

## ----------- ##
## confdefs.h. ##
## ----------- ##

/* confdefs.h */
#define PACKAGE_NAME "bash"
#define PACKAGE_TARNAME "bash"
#define PACKAGE_VERSION "4.4-release"
#define PACKAGE_STRING "bash 4.4-release"
#define PACKAGE_BUGREPORT "bug-bash@gnu.org"
#define PACKAGE_URL ""

configure: exit 1
